<?xml version="1.0" encoding="UTF-8"?>
<!-- Generated by org.testng.reporters.JUnitXMLReporter -->
<testsuite ignored="0" hostname="Raghavas-MacBook-Pro.local" failures="0" tests="3" name="Default test" time="8.635" errors="0" timestamp="2025-02-05T12:50:37 IST">
  <testcase classname="PracticeAPI.MyAPI" name="testGetStoreInventory" time="3.676"/>
  <testcase classname="PracticeAPI.MyAPI" name="testPostBooking" time="3.108"/>
  <testcase classname="PracticeAPI.MyAPI" name="testPostStoreOrder" time="1.807"/>
</testsuite> <!-- Default test -->
