<?xml version="1.0" encoding="UTF-8"?>
<!-- Generated by org.testng.reporters.JUnitXMLReporter -->
<testsuite ignored="0" hostname="Raghavas-MacBook-Pro.local" failures="0" tests="2" name="Default test" time="1.422" errors="0" timestamp="2025-03-01T20:01:52 IST">
  <testcase classname="com.edureka.APIAssignment.ProductAPITest" name="createNewProduct" time="0.029"/>
  <testcase classname="com.edureka.APIAssignment.ProductAPITest" name="getProductDetails" time="0.014"/>
</testsuite> <!-- Default test -->
