<?xml version="1.0" encoding="UTF-8"?>
<!-- Generated by org.testng.reporters.JUnitXMLReporter -->
<testsuite ignored="0" hostname="Raghavas-MacBook-Pro.local" failures="0" tests="3" name="MyTests" time="1.627" errors="0" timestamp="2025-03-01T20:35:10 IST">
  <testcase classname="com.edureka.APIAssignment.ProductAPITest" name="createNewProduct" time="0.028"/>
  <testcase classname="com.edureka.APIAssignment.ProductAPITest" name="getProductDetails" time="0.012"/>
  <testcase classname="com.edureka.APIAssignment.updateProductInformation" name="updateInformation" time="0.014"/>
</testsuite> <!-- MyTests -->
