<?xml version="1.0" encoding="UTF-8"?>
<testng-results ignored="0" total="3" passed="3" failed="0" skipped="0">
  <reporter-output>
  </reporter-output>
  <suite started-at="2025-02-05T12:50:28 IST" name="Default suite" finished-at="2025-02-05T12:50:37 IST" duration-ms="8635">
    <groups>
    </groups>
    <test started-at="2025-02-05T12:50:28 IST" name="Default test" finished-at="2025-02-05T12:50:37 IST" duration-ms="8635">
      <class name="PracticeAPI.MyAPI">
        <test-method signature="testGetStoreInventory()[pri:0, instance:PracticeAPI.MyAPI@36902638]" started-at="2025-02-05T12:50:28 IST" name="testGetStoreInventory" finished-at="2025-02-05T12:50:32 IST" duration-ms="3676" status="PASS">
          <reporter-output>
          </reporter-output>
        </test-method> <!-- testGetStoreInventory -->
        <test-method signature="testPostBooking()[pri:0, instance:PracticeAPI.MyAPI@36902638]" started-at="2025-02-05T12:50:32 IST" name="testPostBooking" finished-at="2025-02-05T12:50:35 IST" duration-ms="3108" status="PASS">
          <reporter-output>
          </reporter-output>
        </test-method> <!-- testPostBooking -->
        <test-method signature="testPostStoreOrder()[pri:0, instance:PracticeAPI.MyAPI@36902638]" started-at="2025-02-05T12:50:35 IST" name="testPostStoreOrder" finished-at="2025-02-05T12:50:37 IST" duration-ms="1807" status="PASS">
          <reporter-output>
          </reporter-output>
        </test-method> <!-- testPostStoreOrder -->
      </class> <!-- PracticeAPI.MyAPI -->
    </test> <!-- Default test -->
  </suite> <!-- Default suite -->
</testng-results>
