<?xml version="1.0" encoding="UTF-8"?>
<testng-results ignored="0" total="3" passed="3" failed="0" skipped="0">
  <reporter-output>
  </reporter-output>
  <suite started-at="2025-03-01T20:35:08 IST" name="MyTestSuite" finished-at="2025-03-01T20:35:10 IST" duration-ms="1627">
    <groups>
    </groups>
    <test started-at="2025-03-01T20:35:08 IST" name="MyTests" finished-at="2025-03-01T20:35:10 IST" duration-ms="1627">
      <class name="com.edureka.APIAssignment.ProductAPITest">
        <test-method is-config="true" signature="setupAndInitialize()[pri:0, instance:com.edureka.APIAssignment.ProductAPITest@5939a379]" started-at="2025-03-01T20:35:08 IST" name="setupAndInitialize" finished-at="2025-03-01T20:35:10 IST" duration-ms="1511" status="PASS">
          <reporter-output>
          </reporter-output>
        </test-method> <!-- setupAndInitialize -->
        <test-method signature="createNewProduct()[pri:0, instance:com.edureka.APIAssignment.ProductAPITest@5939a379]" started-at="2025-03-01T20:35:10 IST" name="createNewProduct" finished-at="2025-03-01T20:35:10 IST" duration-ms="28" status="PASS">
          <reporter-output>
          </reporter-output>
        </test-method> <!-- createNewProduct -->
        <test-method signature="getProductDetails()[pri:0, instance:com.edureka.APIAssignment.ProductAPITest@5939a379]" started-at="2025-03-01T20:35:10 IST" name="getProductDetails" finished-at="2025-03-01T20:35:10 IST" depends-on-methods="com.edureka.APIAssignment.ProductAPITest.createNewProduct" duration-ms="12" status="PASS">
          <reporter-output>
          </reporter-output>
        </test-method> <!-- getProductDetails -->
      </class> <!-- com.edureka.APIAssignment.ProductAPITest -->
      <class name="com.edureka.APIAssignment.updateProductInformation">
        <test-method is-config="true" signature="setup()[pri:0, instance:com.edureka.APIAssignment.updateProductInformation@13b13b5d]" started-at="2025-03-01T20:35:10 IST" name="setup" finished-at="2025-03-01T20:35:10 IST" duration-ms="26" status="PASS">
          <reporter-output>
          </reporter-output>
        </test-method> <!-- setup -->
        <test-method signature="updateInformation()[pri:0, instance:com.edureka.APIAssignment.updateProductInformation@13b13b5d]" started-at="2025-03-01T20:35:10 IST" name="updateInformation" finished-at="2025-03-01T20:35:10 IST" depends-on-methods="com.edureka.APIAssignment.ProductAPITest.createNewProduct" duration-ms="14" status="PASS">
          <reporter-output>
          </reporter-output>
        </test-method> <!-- updateInformation -->
      </class> <!-- com.edureka.APIAssignment.updateProductInformation -->
    </test> <!-- MyTests -->
  </suite> <!-- MyTestSuite -->
</testng-results>
